{"level":"info","message":"Info message","timestamp":"15:48:34"}
{"level":"warn","message":"Warning message","timestamp":"15:48:34"}
{"level":"info","message":"Info message","timestamp":"16:49:15"}
{"level":"warn","message":"Warning message","timestamp":"16:49:15"}
{"level":"info","message":"Info message","timestamp":"16:49:27"}
{"level":"warn","message":"Warning message","timestamp":"16:49:27"}
{"level":"info","message":"Info message","timestamp":"16:49:29"}
{"level":"warn","message":"Warning message","timestamp":"16:49:29"}
{"level":"info","message":"Info message","timestamp":"16:50:15"}
{"level":"warn","message":"Warning message","timestamp":"16:50:15"}
{"level":"info","message":"Info message","timestamp":"16:50:31"}
{"level":"warn","message":"Warning message","timestamp":"16:50:31"}
{"level":"info","message":"Info message","timestamp":"16:50:58"}
{"level":"warn","message":"Warning message","timestamp":"16:50:58"}
{"level":"info","message":"Info message","timestamp":"16:51:08"}
{"level":"warn","message":"Warning message","timestamp":"16:51:08"}
{"level":"info","message":"Info message","timestamp":"16:51:09"}
{"level":"warn","message":"Warning message","timestamp":"16:51:09"}
{"level":"info","message":"Info message","timestamp":"16:51:15"}
{"level":"warn","message":"Warning message","timestamp":"16:51:15"}
{"level":"info","message":"Info message","timestamp":"16:51:18"}
{"level":"warn","message":"Warning message","timestamp":"16:51:18"}
{"level":"info","message":"Info message","timestamp":"16:54:10"}
{"level":"warn","message":"Warning message","timestamp":"16:54:10"}
{"level":"info","message":"Info message","timestamp":"16:54:34"}
{"level":"warn","message":"Warning message","timestamp":"16:54:34"}
{"level":"info","message":"Info message","timestamp":"16:54:58"}
{"level":"warn","message":"Warning message","timestamp":"16:54:58"}
{"level":"info","message":"Info message","timestamp":"16:57:51"}
{"level":"warn","message":"Warning message","timestamp":"16:57:51"}
{"level":"info","message":"Info message","timestamp":"16:58:25"}
{"level":"warn","message":"Warning message","timestamp":"16:58:25"}
{"level":"info","message":"Info message","timestamp":"17:02:58"}
{"level":"warn","message":"Warning message","timestamp":"17:02:58"}
{"level":"info","message":"Info message","timestamp":"17:03:42"}
{"level":"warn","message":"Warning message","timestamp":"17:03:42"}
{"level":"info","message":"Info message","timestamp":"17:08:17"}
{"level":"warn","message":"Warning message","timestamp":"17:08:17"}
{"level":"info","message":"Info message","timestamp":"17:08:47"}
{"level":"warn","message":"Warning message","timestamp":"17:08:47"}
{"level":"info","message":"Info message","timestamp":"17:08:50"}
{"level":"warn","message":"Warning message","timestamp":"17:08:50"}
{"level":"info","message":"Info message","timestamp":"17:09:05"}
{"level":"warn","message":"Warning message","timestamp":"17:09:05"}
{"level":"info","message":"Info message","timestamp":"17:09:08"}
{"level":"warn","message":"Warning message","timestamp":"17:09:08"}
{"level":"info","message":"Info message","timestamp":"17:10:41"}
{"level":"warn","message":"Warning message","timestamp":"17:10:41"}
{"level":"info","message":"Info message","timestamp":"17:10:53"}
{"level":"warn","message":"Warning message","timestamp":"17:10:53"}
{"level":"info","message":"Info message","timestamp":"17:11:10"}
{"level":"warn","message":"Warning message","timestamp":"17:11:10"}
{"level":"info","message":"Info message","timestamp":"17:11:13"}
{"level":"warn","message":"Warning message","timestamp":"17:11:13"}
{"level":"info","message":"Info message","timestamp":"17:17:47"}
{"level":"warn","message":"Warning message","timestamp":"17:17:47"}
{"level":"info","message":"Info message","timestamp":"17:17:51"}
{"level":"warn","message":"Warning message","timestamp":"17:17:51"}
{"level":"info","message":"Info message","timestamp":"17:17:52"}
{"level":"warn","message":"Warning message","timestamp":"17:17:52"}
{"level":"info","message":"Info message","timestamp":"17:45:41"}
{"level":"warn","message":"Warning message","timestamp":"17:45:41"}
{"level":"info","message":"Info message","timestamp":"17:45:43"}
{"level":"warn","message":"Warning message","timestamp":"17:45:43"}
{"level":"info","message":"Info message","timestamp":"17:46:15"}
{"level":"warn","message":"Warning message","timestamp":"17:46:15"}
{"level":"info","message":"Info message","timestamp":"17:48:57"}
{"level":"warn","message":"Warning message","timestamp":"17:48:57"}
{"level":"info","message":"Info message","timestamp":"4:12:39 PM"}
{"level":"warn","message":"Warning message","timestamp":"4:12:39 PM"}
{"level":"info","message":"Info message","timestamp":"4:18:26 PM"}
{"level":"warn","message":"Warning message","timestamp":"4:18:26 PM"}
{"level":"info","message":"Info message","timestamp":"4:18:31 PM"}
{"level":"warn","message":"Warning message","timestamp":"4:18:31 PM"}
{"level":"info","message":"Info message","timestamp":"4:18:41 PM"}
{"level":"warn","message":"Warning message","timestamp":"4:18:41 PM"}
{"level":"info","message":"Info message","timestamp":"4:18:42 PM"}
{"level":"warn","message":"Warning message","timestamp":"4:18:42 PM"}
{"level":"info","message":"Info message","timestamp":"4:19:00 PM"}
{"level":"warn","message":"Warning message","timestamp":"4:19:00 PM"}
{"level":"info","message":"Info message","timestamp":"4:21:41 PM"}
{"level":"warn","message":"Warning message","timestamp":"4:21:41 PM"}
{"level":"info","message":"Info message","timestamp":"4:22:03 PM"}
{"level":"warn","message":"Warning message","timestamp":"4:22:03 PM"}
{"level":"error","message":"TypeError: Cannot read property 'length' of undefined\n    at module.exports (/Users/alexandrapop/Documents/movie-catalog/app/middlewares/checkEmailFormat.js:4:84)\n    at Layer.handle [as handle_request] (/Users/alexandrapop/Documents/movie-catalog/node_modules/express/lib/router/layer.js:95:5)\n    at next (/Users/alexandrapop/Documents/movie-catalog/node_modules/express/lib/router/route.js:137:13)\n    at Route.dispatch (/Users/alexandrapop/Documents/movie-catalog/node_modules/express/lib/router/route.js:112:3)\n    at Layer.handle [as handle_request] (/Users/alexandrapop/Documents/movie-catalog/node_modules/express/lib/router/layer.js:95:5)\n    at /Users/alexandrapop/Documents/movie-catalog/node_modules/express/lib/router/index.js:281:22\n    at Function.process_params (/Users/alexandrapop/Documents/movie-catalog/node_modules/express/lib/router/index.js:335:12)\n    at next (/Users/alexandrapop/Documents/movie-catalog/node_modules/express/lib/router/index.js:275:10)\n    at Function.handle (/Users/alexandrapop/Documents/movie-catalog/node_modules/express/lib/router/index.js:174:3)\n    at router (/Users/alexandrapop/Documents/movie-catalog/node_modules/express/lib/router/index.js:47:12)\n    at Layer.handle [as handle_request] (/Users/alexandrapop/Documents/movie-catalog/node_modules/express/lib/router/layer.js:95:5)\n    at trim_prefix (/Users/alexandrapop/Documents/movie-catalog/node_modules/express/lib/router/index.js:317:13)\n    at /Users/alexandrapop/Documents/movie-catalog/node_modules/express/lib/router/index.js:284:7\n    at Function.process_params (/Users/alexandrapop/Documents/movie-catalog/node_modules/express/lib/router/index.js:335:12)\n    at next (/Users/alexandrapop/Documents/movie-catalog/node_modules/express/lib/router/index.js:275:10)\n    at internalNext (/Users/alexandrapop/Documents/movie-catalog/node_modules/helmet/index.js:45:33)","timestamp":"4:22:07 PM"}
{"level":"info","message":"Info message","timestamp":"4:22:40 PM"}
{"level":"warn","message":"Warning message","timestamp":"4:22:40 PM"}
{"level":"error","message":"TypeError: Cannot read property 'length' of undefined\n    at module.exports (/Users/alexandrapop/Documents/movie-catalog/app/middlewares/checkEmailFormat.js:5:84)\n    at Layer.handle [as handle_request] (/Users/alexandrapop/Documents/movie-catalog/node_modules/express/lib/router/layer.js:95:5)\n    at next (/Users/alexandrapop/Documents/movie-catalog/node_modules/express/lib/router/route.js:137:13)\n    at Route.dispatch (/Users/alexandrapop/Documents/movie-catalog/node_modules/express/lib/router/route.js:112:3)\n    at Layer.handle [as handle_request] (/Users/alexandrapop/Documents/movie-catalog/node_modules/express/lib/router/layer.js:95:5)\n    at /Users/alexandrapop/Documents/movie-catalog/node_modules/express/lib/router/index.js:281:22\n    at Function.process_params (/Users/alexandrapop/Documents/movie-catalog/node_modules/express/lib/router/index.js:335:12)\n    at next (/Users/alexandrapop/Documents/movie-catalog/node_modules/express/lib/router/index.js:275:10)\n    at Function.handle (/Users/alexandrapop/Documents/movie-catalog/node_modules/express/lib/router/index.js:174:3)\n    at router (/Users/alexandrapop/Documents/movie-catalog/node_modules/express/lib/router/index.js:47:12)\n    at Layer.handle [as handle_request] (/Users/alexandrapop/Documents/movie-catalog/node_modules/express/lib/router/layer.js:95:5)\n    at trim_prefix (/Users/alexandrapop/Documents/movie-catalog/node_modules/express/lib/router/index.js:317:13)\n    at /Users/alexandrapop/Documents/movie-catalog/node_modules/express/lib/router/index.js:284:7\n    at Function.process_params (/Users/alexandrapop/Documents/movie-catalog/node_modules/express/lib/router/index.js:335:12)\n    at next (/Users/alexandrapop/Documents/movie-catalog/node_modules/express/lib/router/index.js:275:10)\n    at internalNext (/Users/alexandrapop/Documents/movie-catalog/node_modules/helmet/index.js:45:33)","timestamp":"4:22:45 PM"}
{"level":"info","message":"Info message","timestamp":"4:22:52 PM"}
{"level":"warn","message":"Warning message","timestamp":"4:22:52 PM"}
{"level":"error","message":"TypeError: Cannot read property 'length' of undefined\n    at module.exports (/Users/alexandrapop/Documents/movie-catalog/app/middlewares/checkEmailFormat.js:5:84)\n    at Layer.handle [as handle_request] (/Users/alexandrapop/Documents/movie-catalog/node_modules/express/lib/router/layer.js:95:5)\n    at next (/Users/alexandrapop/Documents/movie-catalog/node_modules/express/lib/router/route.js:137:13)\n    at Route.dispatch (/Users/alexandrapop/Documents/movie-catalog/node_modules/express/lib/router/route.js:112:3)\n    at Layer.handle [as handle_request] (/Users/alexandrapop/Documents/movie-catalog/node_modules/express/lib/router/layer.js:95:5)\n    at /Users/alexandrapop/Documents/movie-catalog/node_modules/express/lib/router/index.js:281:22\n    at Function.process_params (/Users/alexandrapop/Documents/movie-catalog/node_modules/express/lib/router/index.js:335:12)\n    at next (/Users/alexandrapop/Documents/movie-catalog/node_modules/express/lib/router/index.js:275:10)\n    at Function.handle (/Users/alexandrapop/Documents/movie-catalog/node_modules/express/lib/router/index.js:174:3)\n    at router (/Users/alexandrapop/Documents/movie-catalog/node_modules/express/lib/router/index.js:47:12)\n    at Layer.handle [as handle_request] (/Users/alexandrapop/Documents/movie-catalog/node_modules/express/lib/router/layer.js:95:5)\n    at trim_prefix (/Users/alexandrapop/Documents/movie-catalog/node_modules/express/lib/router/index.js:317:13)\n    at /Users/alexandrapop/Documents/movie-catalog/node_modules/express/lib/router/index.js:284:7\n    at Function.process_params (/Users/alexandrapop/Documents/movie-catalog/node_modules/express/lib/router/index.js:335:12)\n    at next (/Users/alexandrapop/Documents/movie-catalog/node_modules/express/lib/router/index.js:275:10)\n    at internalNext (/Users/alexandrapop/Documents/movie-catalog/node_modules/helmet/index.js:45:33)","timestamp":"4:22:55 PM"}
{"level":"info","message":"Info message","timestamp":"4:24:04 PM"}
{"level":"warn","message":"Warning message","timestamp":"4:24:04 PM"}
{"level":"info","message":"Info message","timestamp":"4:25:16 PM"}
{"level":"warn","message":"Warning message","timestamp":"4:25:16 PM"}
{"level":"info","message":"Info message","timestamp":"4:25:17 PM"}
{"level":"warn","message":"Warning message","timestamp":"4:25:17 PM"}
{"level":"info","message":"Info message","timestamp":"4:26:10 PM"}
{"level":"warn","message":"Warning message","timestamp":"4:26:10 PM"}
{"level":"error","message":"SyntaxError: Unexpected token \n in JSON at position 46\n    at JSON.parse (<anonymous>)\n    at parse (/Users/alexandrapop/Documents/movie-catalog/node_modules/body-parser/lib/types/json.js:88:17)\n    at /Users/alexandrapop/Documents/movie-catalog/node_modules/body-parser/lib/read.js:116:18\n    at invokeCallback (/Users/alexandrapop/Documents/movie-catalog/node_modules/raw-body/index.js:262:16)\n    at done (/Users/alexandrapop/Documents/movie-catalog/node_modules/raw-body/index.js:251:7)\n    at IncomingMessage.onEnd (/Users/alexandrapop/Documents/movie-catalog/node_modules/raw-body/index.js:307:7)\n    at emitNone (events.js:106:13)\n    at IncomingMessage.emit (events.js:208:7)\n    at endReadableNT (_stream_readable.js:1056:12)\n    at _combinedTickCallback (internal/process/next_tick.js:138:11)\n    at process._tickCallback (internal/process/next_tick.js:180:9)","timestamp":"4:58:43 PM"}
{"level":"info","message":"Info message","timestamp":"5:01:36 PM"}
{"level":"warn","message":"Warning message","timestamp":"5:01:36 PM"}
{"level":"info","message":"Info message","timestamp":"9:09:40 AM"}
{"level":"warn","message":"Warning message","timestamp":"9:09:40 AM"}
{"level":"info","message":"Info message","timestamp":"10:11:33 AM"}
{"level":"warn","message":"Warning message","timestamp":"10:11:33 AM"}
{"level":"info","message":"Info message","timestamp":"11:41:03 AM"}
{"level":"warn","message":"Warning message","timestamp":"11:41:03 AM"}
{"level":"info","message":"Info message","timestamp":"11:41:13 AM"}
{"level":"warn","message":"Warning message","timestamp":"11:41:13 AM"}
{"level":"info","message":"Info message","timestamp":"11:42:17 AM"}
{"level":"warn","message":"Warning message","timestamp":"11:42:17 AM"}
{"level":"info","message":"Info message","timestamp":"11:42:18 AM"}
{"level":"warn","message":"Warning message","timestamp":"11:42:18 AM"}
{"level":"info","message":"Info message","timestamp":"3:00:15 PM"}
{"level":"warn","message":"Warning message","timestamp":"3:00:15 PM"}
{"level":"info","message":"Info message","timestamp":"3:01:32 PM"}
{"level":"warn","message":"Warning message","timestamp":"3:01:32 PM"}
{"level":"info","message":"Info message","timestamp":"3:01:37 PM"}
{"level":"warn","message":"Warning message","timestamp":"3:01:37 PM"}
{"level":"info","message":"Info message","timestamp":"3:01:42 PM"}
{"level":"warn","message":"Warning message","timestamp":"3:01:42 PM"}
{"level":"info","message":"Info message","timestamp":"3:05:52 PM"}
{"level":"warn","message":"Warning message","timestamp":"3:05:52 PM"}
{"level":"info","message":"Info message","timestamp":"3:07:15 PM"}
{"level":"warn","message":"Warning message","timestamp":"3:07:15 PM"}
{"level":"info","message":"Info message","timestamp":"3:07:41 PM"}
{"level":"warn","message":"Warning message","timestamp":"3:07:41 PM"}
{"level":"info","message":"Info message","timestamp":"3:07:55 PM"}
{"level":"warn","message":"Warning message","timestamp":"3:07:55 PM"}
{"level":"info","message":"Info message","timestamp":"3:09:08 PM"}
{"level":"warn","message":"Warning message","timestamp":"3:09:08 PM"}
{"level":"info","message":"Info message","timestamp":"3:09:20 PM"}
{"level":"warn","message":"Warning message","timestamp":"3:09:20 PM"}
{"level":"info","message":"Info message","timestamp":"3:09:27 PM"}
{"level":"warn","message":"Warning message","timestamp":"3:09:27 PM"}
{"level":"info","message":"Info message","timestamp":"3:11:02 PM"}
{"level":"warn","message":"Warning message","timestamp":"3:11:02 PM"}
{"level":"info","message":"Info message","timestamp":"3:11:31 PM"}
{"level":"warn","message":"Warning message","timestamp":"3:11:31 PM"}
{"level":"info","message":"Info message","timestamp":"3:11:32 PM"}
{"level":"warn","message":"Warning message","timestamp":"3:11:32 PM"}
{"level":"info","message":"Info message","timestamp":"3:12:22 PM"}
{"level":"warn","message":"Warning message","timestamp":"3:12:22 PM"}
{"level":"info","message":"Info message","timestamp":"3:12:34 PM"}
{"level":"warn","message":"Warning message","timestamp":"3:12:34 PM"}
{"level":"info","message":"Info message","timestamp":"3:12:35 PM"}
{"level":"warn","message":"Warning message","timestamp":"3:12:35 PM"}
{"level":"info","message":"Info message","timestamp":"3:13:00 PM"}
{"level":"warn","message":"Warning message","timestamp":"3:13:00 PM"}
{"level":"info","message":"Info message","timestamp":"3:13:08 PM"}
{"level":"warn","message":"Warning message","timestamp":"3:13:08 PM"}
{"level":"info","message":"Info message","timestamp":"3:13:09 PM"}
{"level":"warn","message":"Warning message","timestamp":"3:13:09 PM"}
{"level":"info","message":"Info message","timestamp":"3:13:13 PM"}
{"level":"warn","message":"Warning message","timestamp":"3:13:13 PM"}
{"level":"info","message":"Info message","timestamp":"3:20:11 PM"}
{"level":"warn","message":"Warning message","timestamp":"3:20:11 PM"}
{"level":"info","message":"Info message","timestamp":"3:20:20 PM"}
{"level":"warn","message":"Warning message","timestamp":"3:20:20 PM"}
{"level":"info","message":"Info message","timestamp":"3:20:29 PM"}
{"level":"warn","message":"Warning message","timestamp":"3:20:29 PM"}
{"level":"info","message":"Info message","timestamp":"3:22:37 PM"}
{"level":"warn","message":"Warning message","timestamp":"3:22:37 PM"}
{"level":"info","message":"Info message","timestamp":"3:50:06 PM"}
{"level":"warn","message":"Warning message","timestamp":"3:50:06 PM"}
{"level":"info","message":"Info message","timestamp":"3:53:03 PM"}
{"level":"warn","message":"Warning message","timestamp":"3:53:03 PM"}
{"level":"info","message":"Info message","timestamp":"3:53:04 PM"}
{"level":"warn","message":"Warning message","timestamp":"3:53:04 PM"}
{"level":"info","message":"Info message","timestamp":"3:53:34 PM"}
{"level":"warn","message":"Warning message","timestamp":"3:53:34 PM"}
{"level":"info","message":"Info message","timestamp":"3:58:57 PM"}
{"level":"warn","message":"Warning message","timestamp":"3:58:57 PM"}
{"level":"info","message":"Info message","timestamp":"3:58:58 PM"}
{"level":"warn","message":"Warning message","timestamp":"3:58:58 PM"}
{"level":"info","message":"Info message","timestamp":"3:58:59 PM"}
{"level":"warn","message":"Warning message","timestamp":"3:58:59 PM"}
{"level":"info","message":"Info message","timestamp":"4:01:05 PM"}
{"level":"warn","message":"Warning message","timestamp":"4:01:05 PM"}
{"level":"info","message":"Info message","timestamp":"9:39:30 AM"}
{"level":"warn","message":"Warning message","timestamp":"9:39:30 AM"}
{"level":"info","message":"Info message","timestamp":"10:19:51 AM"}
{"level":"warn","message":"Warning message","timestamp":"10:19:51 AM"}
{"level":"info","message":"Info message","timestamp":"10:36:06 AM"}
{"level":"warn","message":"Warning message","timestamp":"10:36:06 AM"}
{"level":"info","message":"Info message","timestamp":"9:14:53 AM"}
{"level":"warn","message":"Warning message","timestamp":"9:14:53 AM"}
{"level":"info","message":"Info message","timestamp":"9:17:14 AM"}
{"level":"warn","message":"Warning message","timestamp":"9:17:14 AM"}
{"level":"info","message":"Info message","timestamp":"10:17:47 AM"}
{"level":"warn","message":"Warning message","timestamp":"10:17:47 AM"}
{"level":"info","message":"Info message","timestamp":"12:31:11 PM"}
{"level":"warn","message":"Warning message","timestamp":"12:31:11 PM"}
{"level":"info","message":"Info message","timestamp":"12:31:13 PM"}
{"level":"warn","message":"Warning message","timestamp":"12:31:13 PM"}
{"level":"info","message":"Info message","timestamp":"12:31:15 PM"}
{"level":"warn","message":"Warning message","timestamp":"12:31:15 PM"}
{"level":"info","message":"Info message","timestamp":"12:31:17 PM"}
{"level":"warn","message":"Warning message","timestamp":"12:31:17 PM"}
{"level":"info","message":"Info message","timestamp":"12:31:19 PM"}
{"level":"warn","message":"Warning message","timestamp":"12:31:19 PM"}
{"level":"info","message":"Info message","timestamp":"12:31:30 PM"}
{"level":"warn","message":"Warning message","timestamp":"12:31:30 PM"}
{"level":"info","message":"Info message","timestamp":"12:33:25 PM"}
{"level":"warn","message":"Warning message","timestamp":"12:33:25 PM"}
{"level":"info","message":"Info message","timestamp":"12:33:26 PM"}
{"level":"warn","message":"Warning message","timestamp":"12:33:26 PM"}
{"level":"info","message":"Info message","timestamp":"12:33:27 PM"}
{"level":"warn","message":"Warning message","timestamp":"12:33:27 PM"}
{"level":"info","message":"Info message","timestamp":"12:33:29 PM"}
{"level":"warn","message":"Warning message","timestamp":"12:33:29 PM"}
{"level":"info","message":"Info message","timestamp":"12:33:30 PM"}
{"level":"warn","message":"Warning message","timestamp":"12:33:30 PM"}
{"level":"info","message":"Info message","timestamp":"12:51:44 PM"}
{"level":"warn","message":"Warning message","timestamp":"12:51:44 PM"}
{"level":"info","message":"Info message","timestamp":"12:51:48 PM"}
{"level":"warn","message":"Warning message","timestamp":"12:51:48 PM"}
{"level":"info","message":"Info message","timestamp":"12:52:24 PM"}
{"level":"warn","message":"Warning message","timestamp":"12:52:24 PM"}
{"level":"info","message":"Info message","timestamp":"12:52:27 PM"}
{"level":"warn","message":"Warning message","timestamp":"12:52:27 PM"}
{"level":"info","message":"Info message","timestamp":"12:57:22 PM"}
{"level":"warn","message":"Warning message","timestamp":"12:57:22 PM"}
{"level":"info","message":"Info message","timestamp":"5:42:36 PM"}
{"level":"warn","message":"Warning message","timestamp":"5:42:36 PM"}
{"level":"info","message":"Info message","timestamp":"5:47:26 PM"}
{"level":"warn","message":"Warning message","timestamp":"5:47:26 PM"}
{"level":"info","message":"Info message","timestamp":"5:47:31 PM"}
{"level":"warn","message":"Warning message","timestamp":"5:47:31 PM"}
{"level":"info","message":"Info message","timestamp":"5:49:19 PM"}
{"level":"warn","message":"Warning message","timestamp":"5:49:19 PM"}
{"level":"info","message":"Info message","timestamp":"5:51:24 PM"}
{"level":"warn","message":"Warning message","timestamp":"5:51:24 PM"}
{"level":"info","message":"Info message","timestamp":"5:52:55 PM"}
{"level":"warn","message":"Warning message","timestamp":"5:52:55 PM"}
{"level":"info","message":"Info message","timestamp":"5:53:36 PM"}
{"level":"warn","message":"Warning message","timestamp":"5:53:36 PM"}
{"level":"info","message":"Info message","timestamp":"5:53:37 PM"}
{"level":"warn","message":"Warning message","timestamp":"5:53:37 PM"}
{"level":"info","message":"Info message","timestamp":"5:53:39 PM"}
{"level":"warn","message":"Warning message","timestamp":"5:53:39 PM"}
{"level":"info","message":"Info message","timestamp":"5:54:03 PM"}
{"level":"warn","message":"Warning message","timestamp":"5:54:03 PM"}
{"level":"info","message":"Info message","timestamp":"5:54:25 PM"}
{"level":"warn","message":"Warning message","timestamp":"5:54:25 PM"}
{"level":"info","message":"Info message","timestamp":"5:54:26 PM"}
{"level":"warn","message":"Warning message","timestamp":"5:54:26 PM"}
{"level":"info","message":"Info message","timestamp":"5:54:29 PM"}
{"level":"warn","message":"Warning message","timestamp":"5:54:29 PM"}
{"level":"info","message":"Info message","timestamp":"5:54:31 PM"}
{"level":"warn","message":"Warning message","timestamp":"5:54:31 PM"}
{"level":"info","message":"Info message","timestamp":"5:54:32 PM"}
{"level":"warn","message":"Warning message","timestamp":"5:54:32 PM"}
{"level":"info","message":"Info message","timestamp":"5:54:33 PM"}
{"level":"warn","message":"Warning message","timestamp":"5:54:33 PM"}
{"level":"info","message":"Info message","timestamp":"5:55:28 PM"}
{"level":"warn","message":"Warning message","timestamp":"5:55:28 PM"}
{"level":"info","message":"Info message","timestamp":"5:55:40 PM"}
{"level":"warn","message":"Warning message","timestamp":"5:55:40 PM"}
{"level":"info","message":"Info message","timestamp":"5:55:54 PM"}
{"level":"warn","message":"Warning message","timestamp":"5:55:54 PM"}
{"level":"info","message":"Info message","timestamp":"5:55:56 PM"}
{"level":"warn","message":"Warning message","timestamp":"5:55:56 PM"}
{"level":"info","message":"Info message","timestamp":"5:55:57 PM"}
{"level":"warn","message":"Warning message","timestamp":"5:55:57 PM"}
{"level":"info","message":"Info message","timestamp":"5:57:36 PM"}
{"level":"warn","message":"Warning message","timestamp":"5:57:36 PM"}
{"level":"info","message":"Info message","timestamp":"6:00:17 PM"}
{"level":"warn","message":"Warning message","timestamp":"6:00:17 PM"}
{"level":"info","message":"Info message","timestamp":"6:01:06 PM"}
{"level":"warn","message":"Warning message","timestamp":"6:01:06 PM"}
{"level":"info","message":"Info message","timestamp":"6:02:01 PM"}
{"level":"warn","message":"Warning message","timestamp":"6:02:01 PM"}
{"level":"info","message":"Info message","timestamp":"6:02:36 PM"}
{"level":"warn","message":"Warning message","timestamp":"6:02:36 PM"}
{"level":"info","message":"Info message","timestamp":"6:02:46 PM"}
{"level":"warn","message":"Warning message","timestamp":"6:02:46 PM"}
{"level":"info","message":"Info message","timestamp":"6:02:52 PM"}
{"level":"warn","message":"Warning message","timestamp":"6:02:52 PM"}
{"level":"info","message":"Info message","timestamp":"6:03:11 PM"}
{"level":"warn","message":"Warning message","timestamp":"6:03:11 PM"}
{"level":"info","message":"Info message","timestamp":"6:03:13 PM"}
{"level":"warn","message":"Warning message","timestamp":"6:03:13 PM"}
{"level":"info","message":"Info message","timestamp":"6:07:24 PM"}
{"level":"warn","message":"Warning message","timestamp":"6:07:24 PM"}
{"level":"info","message":"Info message","timestamp":"6:09:00 PM"}
{"level":"warn","message":"Warning message","timestamp":"6:09:00 PM"}
{"level":"info","message":"Info message","timestamp":"9:14:15 AM"}
{"level":"warn","message":"Warning message","timestamp":"9:14:15 AM"}
{"level":"info","message":"Info message","timestamp":"9:18:20 AM"}
{"level":"warn","message":"Warning message","timestamp":"9:18:20 AM"}
{"level":"info","message":"Info message","timestamp":"9:22:07 AM"}
{"level":"warn","message":"Warning message","timestamp":"9:22:07 AM"}
{"level":"info","message":"Info message","timestamp":"9:22:11 AM"}
{"level":"warn","message":"Warning message","timestamp":"9:22:11 AM"}
{"level":"info","message":"Info message","timestamp":"1:00:02 PM"}
{"level":"warn","message":"Warning message","timestamp":"1:00:02 PM"}
{"level":"info","message":"Info message","timestamp":"1:03:55 PM"}
{"level":"warn","message":"Warning message","timestamp":"1:03:55 PM"}
{"level":"info","message":"Info message","timestamp":"1:21:51 PM"}
{"level":"warn","message":"Warning message","timestamp":"1:21:51 PM"}
{"level":"info","message":"Info message","timestamp":"1:22:19 PM"}
{"level":"warn","message":"Warning message","timestamp":"1:22:19 PM"}
{"level":"info","message":"Info message","timestamp":"1:22:36 PM"}
{"level":"warn","message":"Warning message","timestamp":"1:22:36 PM"}
{"level":"info","message":"Info message","timestamp":"1:22:38 PM"}
{"level":"warn","message":"Warning message","timestamp":"1:22:38 PM"}
{"level":"info","message":"Info message","timestamp":"1:22:57 PM"}
{"level":"warn","message":"Warning message","timestamp":"1:22:57 PM"}
{"level":"info","message":"Info message","timestamp":"2:21:30 PM"}
{"level":"warn","message":"Warning message","timestamp":"2:21:30 PM"}
{"level":"info","message":"Info message","timestamp":"2:21:33 PM"}
{"level":"warn","message":"Warning message","timestamp":"2:21:33 PM"}
{"level":"info","message":"Info message","timestamp":"2:21:40 PM"}
{"level":"warn","message":"Warning message","timestamp":"2:21:40 PM"}
{"level":"info","message":"Info message","timestamp":"2:21:49 PM"}
{"level":"warn","message":"Warning message","timestamp":"2:21:49 PM"}
{"level":"info","message":"Info message","timestamp":"2:21:55 PM"}
{"level":"warn","message":"Warning message","timestamp":"2:21:55 PM"}
{"level":"info","message":"Info message","timestamp":"2:22:01 PM"}
{"level":"warn","message":"Warning message","timestamp":"2:22:01 PM"}
{"level":"info","message":"Info message","timestamp":"2:24:20 PM"}
{"level":"warn","message":"Warning message","timestamp":"2:24:20 PM"}
{"level":"info","message":"Info message","timestamp":"2:24:25 PM"}
{"level":"warn","message":"Warning message","timestamp":"2:24:25 PM"}
{"level":"info","message":"Info message","timestamp":"2:24:29 PM"}
{"level":"warn","message":"Warning message","timestamp":"2:24:29 PM"}
{"level":"info","message":"Info message","timestamp":"2:29:53 PM"}
{"level":"warn","message":"Warning message","timestamp":"2:29:53 PM"}
{"level":"info","message":"Info message","timestamp":"3:50:56 PM"}
{"level":"warn","message":"Warning message","timestamp":"3:50:56 PM"}
{"level":"info","message":"Info message","timestamp":"3:51:31 PM"}
{"level":"warn","message":"Warning message","timestamp":"3:51:31 PM"}
{"level":"info","message":"Info message","timestamp":"3:51:32 PM"}
{"level":"warn","message":"Warning message","timestamp":"3:51:32 PM"}
{"level":"info","message":"Info message","timestamp":"3:51:44 PM"}
{"level":"warn","message":"Warning message","timestamp":"3:51:44 PM"}
{"level":"info","message":"Info message","timestamp":"3:51:46 PM"}
{"level":"warn","message":"Warning message","timestamp":"3:51:46 PM"}
{"level":"info","message":"Info message","timestamp":"3:51:51 PM"}
{"level":"warn","message":"Warning message","timestamp":"3:51:51 PM"}
{"level":"info","message":"Info message","timestamp":"3:51:55 PM"}
{"level":"warn","message":"Warning message","timestamp":"3:51:55 PM"}
{"level":"info","message":"Info message","timestamp":"3:51:59 PM"}
{"level":"warn","message":"Warning message","timestamp":"3:51:59 PM"}
{"level":"info","message":"Info message","timestamp":"4:34:29 PM"}
{"level":"warn","message":"Warning message","timestamp":"4:34:29 PM"}
{"level":"info","message":"Info message","timestamp":"4:34:30 PM"}
{"level":"warn","message":"Warning message","timestamp":"4:34:30 PM"}
{"level":"info","message":"Info message","timestamp":"4:34:35 PM"}
{"level":"warn","message":"Warning message","timestamp":"4:34:35 PM"}
